<?xml version="1.0" encoding="UTF-8"?>
<!-- Generated by org.testng.reporters.JUnitXMLReporter -->
<testsuite hostname="DESKTOP-9448OA7" ignored="44" name="Test" tests="12" failures="0" timestamp="30 Mar 2022 14:23:02 GMT" time="415.277" errors="0">
  <testcase name="enquiryForm" time="33.586" classname="pom.irctc.testcase.TC003"/>
  <testcase name="ftrSignup" time="117.729" classname="pom.irctc.testcase.TC002"/>
  <testcase name="irctcRegistration" time="60.135" classname="pom.irctc.testcase.TC001"/>
  <testcase name="registerForm" time="45.894" classname="pom.irctc.testcase.TC006"/>
  <testcase name="simpleAlert" time="44.95" classname="pom.irctc.testcase.TC007"/>
  <testcase name="promptAlert" time="20.666" classname="pom.irctc.testcase.TC008"/>
  <testcase name="bookHotels" time="150.624" classname="pom.irctc.testcase.TC004"/>
  <testcase name="promptAlert" time="24.318" classname="pom.irctc.testcase.TC009"/>
  <testcase name="verifyGst" time="154.864" classname="pom.irctc.testcase.TC005"/>
  <testcase name="fbSignup" time="6.001" classname="pom.irctc.testcase.TC010"/>
  <testcase name="PanRegister" time="13.876" classname="pom.irctc.testcase.TC011"/>
  <testcase name="phpTravelsRegistration" time="11.827" classname="pom.irctc.testcase.TC012"/>
  <testcase name="@AfterSuite afterSuite" time="0.0" classname="Selenium.ProjectImplementation.ProjectWrappers">
    <ignored/>
  </testcase> <!-- @AfterSuite afterSuite -->
  <testcase name="@AfterSuite afterSuite" time="0.0" classname="Selenium.ProjectImplementation.ProjectWrappers">
    <ignored/>
  </testcase> <!-- @AfterSuite afterSuite -->
  <testcase name="@AfterSuite afterSuite" time="0.0" classname="Selenium.ProjectImplementation.ProjectWrappers">
    <ignored/>
  </testcase> <!-- @AfterSuite afterSuite -->
  <testcase name="@AfterSuite afterSuite" time="0.0" classname="Selenium.ProjectImplementation.ProjectWrappers">
    <ignored/>
  </testcase> <!-- @AfterSuite afterSuite -->
  <testcase name="@AfterSuite afterSuite" time="0.0" classname="Selenium.ProjectImplementation.ProjectWrappers">
    <ignored/>
  </testcase> <!-- @AfterSuite afterSuite -->
  <testcase name="@AfterSuite afterSuite" time="0.0" classname="Selenium.ProjectImplementation.ProjectWrappers">
    <ignored/>
  </testcase> <!-- @AfterSuite afterSuite -->
  <testcase name="@AfterSuite afterSuite" time="0.0" classname="Selenium.ProjectImplementation.ProjectWrappers">
    <ignored/>
  </testcase> <!-- @AfterSuite afterSuite -->
  <testcase name="@AfterSuite afterSuite" time="0.0" classname="Selenium.ProjectImplementation.ProjectWrappers">
    <ignored/>
  </testcase> <!-- @AfterSuite afterSuite -->
  <testcase name="@AfterSuite afterSuite" time="0.0" classname="Selenium.ProjectImplementation.ProjectWrappers">
    <ignored/>
  </testcase> <!-- @AfterSuite afterSuite -->
  <testcase name="@AfterSuite afterSuite" time="0.0" classname="Selenium.ProjectImplementation.ProjectWrappers">
    <ignored/>
  </testcase> <!-- @AfterSuite afterSuite -->
  <testcase name="@AfterSuite afterSuite" time="0.0" classname="Selenium.ProjectImplementation.ProjectWrappers">
    <ignored/>
  </testcase> <!-- @AfterSuite afterSuite -->
  <testcase name="@BeforeSuite beforeSuite" time="0.0" classname="Selenium.ProjectImplementation.ProjectWrappers">
    <ignored/>
  </testcase> <!-- @BeforeSuite beforeSuite -->
  <testcase name="@BeforeSuite beforeSuite" time="0.0" classname="Selenium.ProjectImplementation.ProjectWrappers">
    <ignored/>
  </testcase> <!-- @BeforeSuite beforeSuite -->
  <testcase name="@BeforeSuite beforeSuite" time="0.0" classname="Selenium.ProjectImplementation.ProjectWrappers">
    <ignored/>
  </testcase> <!-- @BeforeSuite beforeSuite -->
  <testcase name="@BeforeSuite beforeSuite" time="0.0" classname="Selenium.ProjectImplementation.ProjectWrappers">
    <ignored/>
  </testcase> <!-- @BeforeSuite beforeSuite -->
  <testcase name="@BeforeSuite beforeSuite" time="0.0" classname="Selenium.ProjectImplementation.ProjectWrappers">
    <ignored/>
  </testcase> <!-- @BeforeSuite beforeSuite -->
  <testcase name="@BeforeSuite beforeSuite" time="0.0" classname="Selenium.ProjectImplementation.ProjectWrappers">
    <ignored/>
  </testcase> <!-- @BeforeSuite beforeSuite -->
  <testcase name="@BeforeSuite beforeSuite" time="0.0" classname="Selenium.ProjectImplementation.ProjectWrappers">
    <ignored/>
  </testcase> <!-- @BeforeSuite beforeSuite -->
  <testcase name="@BeforeSuite beforeSuite" time="0.0" classname="Selenium.ProjectImplementation.ProjectWrappers">
    <ignored/>
  </testcase> <!-- @BeforeSuite beforeSuite -->
  <testcase name="@BeforeSuite beforeSuite" time="0.0" classname="Selenium.ProjectImplementation.ProjectWrappers">
    <ignored/>
  </testcase> <!-- @BeforeSuite beforeSuite -->
  <testcase name="@BeforeSuite beforeSuite" time="0.0" classname="Selenium.ProjectImplementation.ProjectWrappers">
    <ignored/>
  </testcase> <!-- @BeforeSuite beforeSuite -->
  <testcase name="@BeforeSuite beforeSuite" time="0.0" classname="Selenium.ProjectImplementation.ProjectWrappers">
    <ignored/>
  </testcase> <!-- @BeforeSuite beforeSuite -->
  <testcase name="@BeforeTest beforeTest" time="0.0" classname="Selenium.ProjectImplementation.ProjectWrappers">
    <ignored/>
  </testcase> <!-- @BeforeTest beforeTest -->
  <testcase name="@BeforeTest beforeTest" time="0.0" classname="Selenium.ProjectImplementation.ProjectWrappers">
    <ignored/>
  </testcase> <!-- @BeforeTest beforeTest -->
  <testcase name="@BeforeTest beforeTest" time="0.0" classname="Selenium.ProjectImplementation.ProjectWrappers">
    <ignored/>
  </testcase> <!-- @BeforeTest beforeTest -->
  <testcase name="@BeforeTest beforeTest" time="0.0" classname="Selenium.ProjectImplementation.ProjectWrappers">
    <ignored/>
  </testcase> <!-- @BeforeTest beforeTest -->
  <testcase name="@BeforeTest beforeTest" time="0.0" classname="Selenium.ProjectImplementation.ProjectWrappers">
    <ignored/>
  </testcase> <!-- @BeforeTest beforeTest -->
  <testcase name="@BeforeTest beforeTest" time="0.0" classname="Selenium.ProjectImplementation.ProjectWrappers">
    <ignored/>
  </testcase> <!-- @BeforeTest beforeTest -->
  <testcase name="@BeforeTest beforeTest" time="0.0" classname="Selenium.ProjectImplementation.ProjectWrappers">
    <ignored/>
  </testcase> <!-- @BeforeTest beforeTest -->
  <testcase name="@BeforeTest beforeTest" time="0.0" classname="Selenium.ProjectImplementation.ProjectWrappers">
    <ignored/>
  </testcase> <!-- @BeforeTest beforeTest -->
  <testcase name="@BeforeTest beforeTest" time="0.0" classname="Selenium.ProjectImplementation.ProjectWrappers">
    <ignored/>
  </testcase> <!-- @BeforeTest beforeTest -->
  <testcase name="@BeforeTest beforeTest" time="0.0" classname="Selenium.ProjectImplementation.ProjectWrappers">
    <ignored/>
  </testcase> <!-- @BeforeTest beforeTest -->
  <testcase name="@BeforeTest beforeTest" time="0.0" classname="Selenium.ProjectImplementation.ProjectWrappers">
    <ignored/>
  </testcase> <!-- @BeforeTest beforeTest -->
  <testcase name="@AfterTest afterTest" time="0.0" classname="Selenium.ProjectImplementation.ProjectWrappers">
    <ignored/>
  </testcase> <!-- @AfterTest afterTest -->
  <testcase name="@AfterTest afterTest" time="0.0" classname="Selenium.ProjectImplementation.ProjectWrappers">
    <ignored/>
  </testcase> <!-- @AfterTest afterTest -->
  <testcase name="@AfterTest afterTest" time="0.0" classname="Selenium.ProjectImplementation.ProjectWrappers">
    <ignored/>
  </testcase> <!-- @AfterTest afterTest -->
  <testcase name="@AfterTest afterTest" time="0.0" classname="Selenium.ProjectImplementation.ProjectWrappers">
    <ignored/>
  </testcase> <!-- @AfterTest afterTest -->
  <testcase name="@AfterTest afterTest" time="0.0" classname="Selenium.ProjectImplementation.ProjectWrappers">
    <ignored/>
  </testcase> <!-- @AfterTest afterTest -->
  <testcase name="@AfterTest afterTest" time="0.0" classname="Selenium.ProjectImplementation.ProjectWrappers">
    <ignored/>
  </testcase> <!-- @AfterTest afterTest -->
  <testcase name="@AfterTest afterTest" time="0.0" classname="Selenium.ProjectImplementation.ProjectWrappers">
    <ignored/>
  </testcase> <!-- @AfterTest afterTest -->
  <testcase name="@AfterTest afterTest" time="0.0" classname="Selenium.ProjectImplementation.ProjectWrappers">
    <ignored/>
  </testcase> <!-- @AfterTest afterTest -->
  <testcase name="@AfterTest afterTest" time="0.0" classname="Selenium.ProjectImplementation.ProjectWrappers">
    <ignored/>
  </testcase> <!-- @AfterTest afterTest -->
  <testcase name="@AfterTest afterTest" time="0.0" classname="Selenium.ProjectImplementation.ProjectWrappers">
    <ignored/>
  </testcase> <!-- @AfterTest afterTest -->
  <testcase name="@AfterTest afterTest" time="0.0" classname="Selenium.ProjectImplementation.ProjectWrappers">
    <ignored/>
  </testcase> <!-- @AfterTest afterTest -->
</testsuite> <!-- Test -->
